Loading /work2/08181/tsouders/frontera/PeleBuild/2022_0216_Turb/PeleC/Submodules/AMReX/Tools/GNUMake/comps/intel.mak...
make: icpc: Command not found
/bin/sh: nvcc: command not found
/bin/sh: nvcc: command not found
/bin/sh: nvcc: command not found
expr: syntax error
expr: syntax error
expr: syntax error
expr: syntax error
expr: syntax error
expr: syntax error
expr: syntax error
expr: syntax error
expr: syntax error
expr: syntax error
Loading /work2/08181/tsouders/frontera/PeleBuild/2022_0216_Turb/PeleC/Submodules/AMReX/Tools/GNUMake/sites/Make.unknown...
/bin/sh: /usr/local/cuda/extras/demo_suite/deviceQuery: No such file or directory
Loading /work2/08181/tsouders/frontera/PeleBuild/2022_0216_Turb/PeleC/Submodules/AMReX/Tools/GNUMake/packages/Make.sundials...
Loading /work2/08181/tsouders/frontera/PeleBuild/2022_0216_Turb/PeleC/Submodules/AMReX/Tools/GNUMake/Make.local...
/bin/sh: nvcc: command not found
/bin/sh: nvcc: command not found
/bin/sh: nvcc: command not found
expr: syntax error
expr: syntax error
expr: syntax error
expr: syntax error
expr: syntax error
expr: syntax error
expr: syntax error
expr: syntax error
expr: syntax error
expr: syntax error
/bin/sh: /usr/local/cuda/extras/demo_suite/deviceQuery: No such file or directory
${Blocs} is [. /work2/08181/tsouders/frontera/PeleBuild/2022_0216_Turb/PeleC/Submodules/PelePhysics/Source /work2/08181/tsouders/frontera/PeleBuild/2022_0216_Turb/PeleC/Submodules/PelePhysics/Eos/ /work2/08181/tsouders/frontera/PeleBuild/2022_0216_Turb/PeleC/Submodules/PelePhysics/Reactions /work2/08181/tsouders/frontera/PeleBuild/2022_0216_Turb/PeleC/Submodules/PelePhysics/Support/Fuego/Evaluation /work2/08181/tsouders/frontera/PeleBuild/2022_0216_Turb/PeleC/Submodules/PelePhysics/Support/Fuego/Mechanism/Models/Z66 /work2/08181/tsouders/frontera/PeleBuild/2022_0216_Turb/PeleC/Submodules/PelePhysics/Transport ../../../Submodules/AMReX-Hydro/Redistribution ../../../Submodules/AMReX-Hydro/Slopes  /work2/08181/tsouders/frontera/PeleBuild/2022_0216_Turb/PeleC/Submodules/AMReX/Src/Base  /work2/08181/tsouders/frontera/PeleBuild/2022_0216_Turb/PeleC/Submodules/AMReX/Src/Amr  /work2/08181/tsouders/frontera/PeleBuild/2022_0216_Turb/PeleC/Submodules/AMReX/Src/Boundary  /work2/08181/tsouders/frontera/PeleBuild/2022_0216_Turb/PeleC/Submodules/AMReX/Src/AmrCore  /work2/08181/tsouders/frontera/PeleBuild/2022_0216_Turb/PeleC/Submodules/AMReX/Src/EB  ../../../Source  ../../../Source/Params/param_includes]
Compiling AMReX_SUNMemory.cpp ...
mpicxx -MMD -MP -ccbin=g++ -Xcompiler=' -Werror=return-type -g -O3  -pthread -std=c++14' --std=c++14 -Wno-deprecated-gpu-targets -m64 -arch=compute_70 -code=sm_70 -maxrregcount=255 --expt-relaxed-constexpr --expt-extended-lambda -Xcudafe --diag_suppress=esa_on_defaulted_function_ignored --Werror cross-execution-space-call -lineinfo --ptxas-options=-O3 --ptxas-options=-v --use_fast_math  -x cu -dc -Xptxas --disable-optimizer-constants   -DBL_USE_MPI -DAMREX_USE_MPI -DBL_NO_FORT -DAMREX_GIT_VERSION=\"22.02-7-g9558c8a1684c\" -DAMREX_RELEASE_NUMBER=220200 -DAMREX_USE_CUDA -DAMREX_USE_GPU -DBL_COALESCE_FABS -DAMREX_USE_GPU_RDC -DBL_SPACEDIM=3 -DAMREX_SPACEDIM=3 -DBL_FORT_USE_UNDERSCORE -DAMREX_FORT_USE_UNDERSCORE -DBL_Linux -DAMREX_Linux -DAMREX_USE_EB -DNDEBUG -DOMPI_SKIP_MPICXX -DAMREX_GPU_MAX_THREADS=256 -DCRSEGRNDOMP -DPELEC_USE_EB -DUSE_FUEGO_EOS -DUSE_SIMPLE_TRANSPORT -DAMREX_USE_SUNDIALS -Itmp_build_dir/s/3d.intel.MPI.CUDA.EXE -I. -I/work2/08181/tsouders/frontera/PeleBuild/2022_0216_Turb/PeleC/Submodules/AMReX/Src/Extern/SUNDIALS -I/work2/08181/tsouders/frontera/PeleBuild/2022_0216_Turb/PeleC/Submodules/PelePhysics/Source -I/work2/08181/tsouders/frontera/PeleBuild/2022_0216_Turb/PeleC/Submodules/PelePhysics/Eos/ -I/work2/08181/tsouders/frontera/PeleBuild/2022_0216_Turb/PeleC/Submodules/PelePhysics/Reactions -I/work2/08181/tsouders/frontera/PeleBuild/2022_0216_Turb/PeleC/Submodules/PelePhysics/ThirdParty/INSTALL/gcc.CUDA/lib/../include -I/work2/08181/tsouders/frontera/PeleBuild/2022_0216_Turb/PeleC/Submodules/PelePhysics/Transport -I/work2/08181/tsouders/frontera/PeleBuild/2022_0216_Turb/PeleC/Submodules/AMReX/Src/Base -I/work2/08181/tsouders/frontera/PeleBuild/2022_0216_Turb/PeleC/Submodules/AMReX/Src/Base/Parser -I/work2/08181/tsouders/frontera/PeleBuild/2022_0216_Turb/PeleC/Submodules/AMReX/Src/Amr -I/work2/08181/tsouders/frontera/PeleBuild/2022_0216_Turb/PeleC/Submodules/AMReX/Src/Boundary -I/work2/08181/tsouders/frontera/PeleBuild/2022_0216_Turb/PeleC/Submodules/AMReX/Src/AmrCore -I/work2/08181/tsouders/frontera/PeleBuild/2022_0216_Turb/PeleC/Submodules/AMReX/Src/EB -I. -I/work2/08181/tsouders/frontera/PeleBuild/2022_0216_Turb/PeleC/Submodules/PelePhysics/Source -I/work2/08181/tsouders/frontera/PeleBuild/2022_0216_Turb/PeleC/Submodules/PelePhysics/Eos/ -I/work2/08181/tsouders/frontera/PeleBuild/2022_0216_Turb/PeleC/Submodules/PelePhysics/Reactions -I/work2/08181/tsouders/frontera/PeleBuild/2022_0216_Turb/PeleC/Submodules/PelePhysics/Support/Fuego/Evaluation -I/work2/08181/tsouders/frontera/PeleBuild/2022_0216_Turb/PeleC/Submodules/PelePhysics/Support/Fuego/Mechanism/Models/Z66 -I/work2/08181/tsouders/frontera/PeleBuild/2022_0216_Turb/PeleC/Submodules/PelePhysics/Transport -I../../../Submodules/AMReX-Hydro/Redistribution -I../../../Submodules/AMReX-Hydro/Slopes -I/work2/08181/tsouders/frontera/PeleBuild/2022_0216_Turb/PeleC/Submodules/AMReX/Src/Base -I/work2/08181/tsouders/frontera/PeleBuild/2022_0216_Turb/PeleC/Submodules/AMReX/Src/Amr -I/work2/08181/tsouders/frontera/PeleBuild/2022_0216_Turb/PeleC/Submodules/AMReX/Src/Boundary -I/work2/08181/tsouders/frontera/PeleBuild/2022_0216_Turb/PeleC/Submodules/AMReX/Src/AmrCore -I/work2/08181/tsouders/frontera/PeleBuild/2022_0216_Turb/PeleC/Submodules/AMReX/Src/EB -I../../../Source -I../../../Source/Params/param_includes -I/work2/08181/tsouders/frontera/PeleBuild/2022_0216_Turb/PeleC/Submodules/AMReX/Tools/C_scripts -isystem /usr/local/cuda/include -c /work2/08181/tsouders/frontera/PeleBuild/2022_0216_Turb/PeleC/Submodules/AMReX/Src/Extern/SUNDIALS/AMReX_SUNMemory.cpp -o tmp_build_dir/o/3d.intel.MPI.CUDA.EXE/AMReX_SUNMemory.o
--------------------------------------------------------------------------
The Open MPI wrapper compiler was unable to find the specified compiler
nvcc in your PATH.

Note that this compiler was either specified at configure time or in
one of several possible environment variables.
--------------------------------------------------------------------------
make: *** [tmp_build_dir/o/3d.intel.MPI.CUDA.EXE/AMReX_SUNMemory.o] Error 1
